<?xml version="1.0" encoding="UTF-8"?>
<!-- Generated by org.testng.reporters.JUnitReportReporter -->
<testsuite skipped="0" hostname="DESKTOP-V4AD8SD" name="Parcial2.Entities.MensajeTest" tests="6" failures="0" timestamp="21 jun 2017 19:51:10 GMT" time="0.000" errors="0">
  <testcase name="testId" time="0.000" classname="Parcial2.Entities.MensajeTest"/>
  <testcase name="testMensaje" time="0.000" classname="Parcial2.Entities.MensajeTest"/>
  <testcase name="testRemitente" time="0.000" classname="Parcial2.Entities.MensajeTest"/>
  <testcase name="testFecha" time="0.000" classname="Parcial2.Entities.MensajeTest"/>
  <testcase name="testRecipiente" time="0.000" classname="Parcial2.Entities.MensajeTest"/>
  <testcase name="testAsunto" time="0.000" classname="Parcial2.Entities.MensajeTest"/>
</testsuite> <!-- Parcial2.Entities.MensajeTest -->
