<?xml version="1.0" encoding="UTF-8"?>
<!-- Generated by org.testng.reporters.JUnitReportReporter -->
<testsuite skipped="0" hostname="DESKTOP-V4AD8SD" name="Parcial2.Entities.MensajeTest" tests="6" failures="0" timestamp="20 jun 2017 18:16:46 GMT" time="0.023" errors="0">
  <testcase name="testId" time="0.004" classname="Parcial2.Entities.MensajeTest"/>
  <testcase name="testAsunto" time="0.004" classname="Parcial2.Entities.MensajeTest"/>
  <testcase name="testMensaje" time="0.005" classname="Parcial2.Entities.MensajeTest"/>
  <testcase name="testRemitente" time="0.005" classname="Parcial2.Entities.MensajeTest"/>
  <testcase name="testRecipiente" time="0.003" classname="Parcial2.Entities.MensajeTest"/>
  <testcase name="testFecha" time="0.002" classname="Parcial2.Entities.MensajeTest"/>
</testsuite> <!-- Parcial2.Entities.MensajeTest -->
