<?xml version="1.0" encoding="UTF-8"?>
<!-- Generated by org.testng.reporters.JUnitReportReporter -->
<testsuite skipped="0" hostname="DESKTOP-V4AD8SD" name="Parcial2.Controllers.MensajesControllerTest" tests="6" failures="0" timestamp="21 jun 2017 19:51:10 GMT" time="1.456" errors="0">
  <testcase name="testDeleteBadRequest" time="0.329" classname="Parcial2.Controllers.MensajesControllerTest"/>
  <testcase name="testDeleteOk" time="0.344" classname="Parcial2.Controllers.MensajesControllerTest"/>
  <testcase name="testSaveCreated" time="0.313" classname="Parcial2.Controllers.MensajesControllerTest"/>
  <testcase name="testGetAllOk" time="0.157" classname="Parcial2.Controllers.MensajesControllerTest"/>
  <testcase name="testGetAllDeletedOk" time="0.125" classname="Parcial2.Controllers.MensajesControllerTest"/>
  <testcase name="testGetAllSendedOk" time="0.188" classname="Parcial2.Controllers.MensajesControllerTest"/>
</testsuite> <!-- Parcial2.Controllers.MensajesControllerTest -->
