<?xml version="1.0" encoding="UTF-8"?>
<!-- Generated by org.testng.reporters.JUnitReportReporter -->
<testsuite skipped="0" hostname="DESKTOP-V4AD8SD" name="Parcial2.Controllers.UsuarioControllerTest" tests="6" failures="0" timestamp="21 jun 2017 19:51:10 GMT" time="0.484" errors="0">
  <testcase name="testDeleteBadRequest" time="0.109" classname="Parcial2.Controllers.UsuarioControllerTest"/>
  <testcase name="testGetByNombreNotFound" time="0.047" classname="Parcial2.Controllers.UsuarioControllerTest"/>
  <testcase name="testGetByNombreOk" time="0.094" classname="Parcial2.Controllers.UsuarioControllerTest"/>
  <testcase name="testGetAllOk" time="0.031" classname="Parcial2.Controllers.UsuarioControllerTest"/>
  <testcase name="testDeleteOk" time="0.125" classname="Parcial2.Controllers.UsuarioControllerTest"/>
  <testcase name="testSaveCreated" time="0.078" classname="Parcial2.Controllers.UsuarioControllerTest"/>
</testsuite> <!-- Parcial2.Controllers.UsuarioControllerTest -->
