<?xml version="1.0" encoding="UTF-8"?>
<!-- Generated by org.testng.reporters.JUnitReportReporter -->
<testsuite skipped="0" hostname="DESKTOP-V4AD8SD" name="Parcial2.AppTest" tests="1" failures="0" timestamp="20 jun 2017 18:16:46 GMT" time="0.042" errors="0">
  <testcase name="testApp" time="0.042" classname="Parcial2.AppTest"/>
</testsuite> <!-- Parcial2.AppTest -->
