<?xml version="1.0" encoding="UTF-8"?>
<!-- Generated by org.testng.reporters.JUnitReportReporter -->
<testsuite skipped="0" hostname="DESKTOP-V4AD8SD" name="Parcial2.AppTest" tests="1" failures="0" timestamp="21 jun 2017 19:51:10 GMT" time="0.016" errors="0">
  <testcase name="testApp" time="0.016" classname="Parcial2.AppTest"/>
</testsuite> <!-- Parcial2.AppTest -->
