<?xml version="1.0" encoding="UTF-8"?>
<!-- Generated by org.testng.reporters.JUnitReportReporter -->
<testsuite skipped="0" hostname="DESKTOP-V4AD8SD" name="Parcial2.Controllers.LoginControllerTest" tests="3" failures="0" timestamp="21 jun 2017 19:51:10 GMT" time="23.096" errors="0">
  <testcase name="testLoginOk" time="7.720" classname="Parcial2.Controllers.LoginControllerTest"/>
  <testcase name="testLoginForbbiden" time="7.735" classname="Parcial2.Controllers.LoginControllerTest"/>
  <testcase name="testLogoutOk" time="7.641" classname="Parcial2.Controllers.LoginControllerTest"/>
</testsuite> <!-- Parcial2.Controllers.LoginControllerTest -->
